#
# A fatal error has been detected by the Java Runtime Environment:
#
#  EXCEPTION_ACCESS_VIOLATION (0xc0000005) at pc=0x00000000503d8f45, pid=8660, tid=5068
#
# JRE version: Java(TM) SE Runtime Environment (8.0_91-b15) (build 1.8.0_91-b15)
# Java VM: Java HotSpot(TM) 64-Bit Server VM (25.91-b15 mixed mode windows-amd64 compressed oops)
# Problematic frame:
# V  [jvm.dll+0x128f45]
#
# Failed to write core dump. Minidumps are not enabled by default on client versions of Windows
#
# If you would like to submit a bug report, please visit:
#   http://bugreport.java.com/bugreport/crash.jsp
#

---------------  T H R E A D  ---------------

Current thread (0x0000000016fc6800):  JavaThread "JDWP Transport Listener: dt_socket" daemon [_thread_in_vm, id=5068, stack(0x0000000018940000,0x0000000018a40000)]

siginfo: ExceptionCode=0xc0000005, reading address 0xffffffffffffffff

Registers:
RAX=0x0000000018a3f001, RBX=0x0000000016fc6800, RCX=0x003b003b656c6261, RDX=0x0000000000000000
RSP=0x0000000018a3f010, RBP=0x003b003b656c6261, RSI=0x0000000018a3f128, RDI=0x00000000003e8910
R8 =0x0000000016fc6800, R9 =0x0000000000000000, R10=0x0000000000000000, R11=0x0000000000000064
R12=0x0000000000000000, R13=0x0000000016fc7548, R14=0x0000000000000000, R15=0x0000000000000000
RIP=0x00000000503d8f45, EFLAGS=0x0000000000010202

Top of Stack: (sp=0x0000000018a3f010)
0x0000000018a3f010:   0000000016fc6800 0000000016fc6800
0x0000000018a3f020:   0000000018a3f0d8 00000000505df32b
0x0000000018a3f030:   0000000016fc6800 00000000505fbb8d
0x0000000018a3f040:   0000000000000000 0000000050e09155
0x0000000018a3f050:   0000000016fe67c8 0000000050e1291e
0x0000000018a3f060:   0000000016fc6800 0000000000000000
0x0000000018a3f070:   0000000000000000 0000000000000000
0x0000000018a3f080:   003b003b656c6261 0000000050e11a15
0x0000000018a3f090:   0000000018a3f128 0000000018a3f100
0x0000000018a3f0a0:   0000000000000001 0000000016fe67c8
0x0000000018a3f0b0:   003b003b656c6261 0000000050df53b3
0x0000000018a3f0c0:   0000000018a3f1f0 0000000000000001
0x0000000018a3f0d0:   0000000000000001 0000000016fe67c8
0x0000000018a3f0e0:   0000000000000009 0000000000000000
0x0000000018a3f0f0:   0000000000000000 0000000000000000
0x0000000018a3f100:   0000000000000001 0000000050df5571 

Instructions: (pc=0x00000000503d8f45)
0x00000000503d8f25:   cc cc cc cc cc cc cc cc cc cc cc 48 83 ec 28 48
0x00000000503d8f35:   85 c9 75 07 33 c0 48 83 c4 28 c3 48 89 5c 24 20
0x00000000503d8f45:   48 8b 19 48 85 db 74 20 48 83 fb 37 74 1a 48 8b
0x00000000503d8f55:   13 48 8b cb ff 52 10 84 c0 74 0d 48 8b c3 48 8b 


Register to memory mapping:

RAX=0x0000000018a3f001 is pointing into the stack for thread: 0x0000000016fc6800
RBX=0x0000000016fc6800 is a thread
RCX=0x003b003b656c6261 is an unknown value
RDX=0x0000000000000000 is an unknown value
RSP=0x0000000018a3f010 is pointing into the stack for thread: 0x0000000016fc6800
RBP=0x003b003b656c6261 is an unknown value
RSI=0x0000000018a3f128 is pointing into the stack for thread: 0x0000000016fc6800
RDI=0x00000000003e8910 is an unknown value
R8 =0x0000000016fc6800 is a thread
R9 =0x0000000000000000 is an unknown value
R10=0x0000000000000000 is an unknown value
R11=0x0000000000000064 is an unknown value
R12=0x0000000000000000 is an unknown value
R13=0x0000000016fc7548 is an unknown value
R14=0x0000000000000000 is an unknown value
R15=0x0000000000000000 is an unknown value


Stack: [0x0000000018940000,0x0000000018a40000],  sp=0x0000000018a3f010,  free space=1020k
Native frames: (J=compiled Java code, j=interpreted, Vv=VM code, C=native code)
V  [jvm.dll+0x128f45]
V  [jvm.dll+0x34bb8d]
C  [jdwp.dll+0x21a15]
C  [jdwp.dll+0x53b3]
C  [jdwp.dll+0x5571]
C  [jdwp.dll+0xf0a8]
C  [jdwp.dll+0x1f2d5]
C  [jdwp.dll+0x1f4aa]
V  [jvm.dll+0x1bbf38]
V  [jvm.dll+0x243ae4]
V  [jvm.dll+0x29a99a]
C  [msvcr100.dll+0x21d9f]
C  [msvcr100.dll+0x21e3b]
C  [KERNEL32.DLL+0x8364]
C  [ntdll.dll+0x65e91]


---------------  P R O C E S S  ---------------

Java Threads: ( => current thread )
  0x0000000018f9f000 JavaThread "Service Thread" daemon [_thread_blocked, id=6020, stack(0x0000000019340000,0x0000000019440000)]
  0x0000000016ff5800 JavaThread "C1 CompilerThread2" daemon [_thread_blocked, id=1056, stack(0x0000000018e40000,0x0000000018f40000)]
  0x0000000016fe8000 JavaThread "C2 CompilerThread1" daemon [_thread_blocked, id=5652, stack(0x0000000018d40000,0x0000000018e40000)]
  0x0000000016fe3800 JavaThread "C2 CompilerThread0" daemon [_thread_blocked, id=772, stack(0x0000000018c40000,0x0000000018d40000)]
  0x0000000016fd7800 JavaThread "JDWP Command Reader" daemon [_thread_in_native, id=3336, stack(0x0000000018b40000,0x0000000018c40000)]
  0x0000000016fd6800 JavaThread "JDWP Event Helper Thread" daemon [_thread_blocked, id=1656, stack(0x0000000018a40000,0x0000000018b40000)]
=>0x0000000016fc6800 JavaThread "JDWP Transport Listener: dt_socket" daemon [_thread_in_vm, id=5068, stack(0x0000000018940000,0x0000000018a40000)]
  0x0000000016fbd000 JavaThread "Attach Listener" daemon [_thread_blocked, id=7976, stack(0x0000000018500000,0x0000000018600000)]
  0x0000000016fbc000 JavaThread "Signal Dispatcher" daemon [_thread_blocked, id=9080, stack(0x0000000018400000,0x0000000018500000)]
  0x0000000016faa800 JavaThread "Finalizer" daemon [_thread_blocked, id=9072, stack(0x0000000018210000,0x0000000018310000)]
  0x0000000002601000 JavaThread "Reference Handler" daemon [_thread_blocked, id=6652, stack(0x0000000018110000,0x0000000018210000)]
  0x00000000003ee000 JavaThread "main" [_thread_blocked, id=8844, stack(0x0000000002410000,0x0000000002510000)]

Other Threads:
  0x0000000016f88000 VMThread [stack: 0x0000000018010000,0x0000000018110000] [id=8196]
  0x0000000018fa5000 WatcherThread [stack: 0x0000000019440000,0x0000000019540000] [id=8208]

VM state:not at safepoint (normal execution)

VM Mutex/Monitor currently owned by a thread: None

Heap:
 PSYoungGen      total 36864K, used 1904K [0x00000000d6b80000, 0x00000000d9480000, 0x0000000100000000)
  eden space 31744K, 6% used [0x00000000d6b80000,0x00000000d6d5c2c0,0x00000000d8a80000)
  from space 5120K, 0% used [0x00000000d8f80000,0x00000000d8f80000,0x00000000d9480000)
  to   space 5120K, 0% used [0x00000000d8a80000,0x00000000d8a80000,0x00000000d8f80000)
 ParOldGen       total 84992K, used 0K [0x0000000084200000, 0x0000000089500000, 0x00000000d6b80000)
  object space 84992K, 0% used [0x0000000084200000,0x0000000084200000,0x0000000089500000)
 Metaspace       used 2607K, capacity 4564K, committed 4864K, reserved 1056768K
  class space    used 290K, capacity 388K, committed 512K, reserved 1048576K

Card table byte_map: [0x00000000119d0000,0x0000000011db0000] byte_map_base: 0x00000000115af000

Marking Bits: (ParMarkBitMap*) 0x0000000050ac2f70
 Begin Bits: [0x0000000012450000, 0x0000000014348000)
 End Bits:   [0x0000000014348000, 0x0000000016240000)

Polling page: 0x00000000003d0000

CodeCache: size=245760Kb used=1100Kb max_used=1101Kb free=244659Kb
 bounds [0x0000000002610000, 0x0000000002880000, 0x0000000011610000]
 total_blobs=251 nmethods=27 adapters=146
 compilation: enabled

Compilation events (10 events):
Event: 0.126 Thread 0x0000000016ff5800   22       3       java.lang.AbstractStringBuilder::append (50 bytes)
Event: 0.126 Thread 0x0000000016fe3800   23       4       java.lang.String::charAt (29 bytes)
Event: 0.126 Thread 0x0000000016ff5800 nmethod 22 0x000000000271ff10 code [0x00000000027200a0, 0x00000000027205a8]
Event: 0.127 Thread 0x0000000016fe3800 nmethod 23 0x0000000002723490 code [0x00000000027235e0, 0x00000000027236d8]
Event: 0.130 Thread 0x0000000016ff5800   24       3       java.util.Arrays::copyOfRange (63 bytes)
Event: 0.131 Thread 0x0000000016ff5800 nmethod 24 0x0000000002721950 code [0x0000000002721b60, 0x00000000027226d8]
Event: 0.131 Thread 0x0000000016ff5800   25       3       java.lang.System::getSecurityManager (4 bytes)
Event: 0.131 Thread 0x0000000016ff5800 nmethod 25 0x0000000002721650 code [0x00000000027217a0, 0x00000000027218d0]
Event: 795.014 Thread 0x0000000016ff5800   26       3       java.util.concurrent.ConcurrentHashMap::tabAt (21 bytes)
Event: 795.014 Thread 0x0000000016ff5800 nmethod 26 0x0000000002720c50 code [0x0000000002720da0, 0x0000000002720fd0]

GC Heap History (0 events):
No events

Deoptimization events (0 events):
No events

Internal exceptions (2 events):
Event: 0.036 Thread 0x00000000003ee000 Exception <a 'java/lang/NoSuchMethodError': Method sun.misc.Unsafe.defineClass(Ljava/lang/String;[BII)Ljava/lang/Class; name or signature does not match> (0x00000000d6b87cc0) thrown at [C:\re\workspace\8-2-build-windows-amd64-cygwin\jdk8u91\7017\hotspot\srl(жиЈ<б?
Event: 0.036 Thread 0x00000000003ee000 Exception <a 'java/lang/NoSuchMethodError': Method sun.misc.Unsafe.prefetchRead(Ljava/lang/Object;J)V name or signature does not match> (0x00000000d6b87fa8) thrown at [C:\re\workspace\8-2-build-windows-amd64-cygwin\jdk8u91\7017\hotspot\src\share\vm\prims\j

Events (10 events):
Event: 3.575 loading class java/util/ListIterator done
Event: 3.575 loading class java/util/ArrayList$SubList$1 done
Event: 3.575 loading class week2/QuestionA$1Person
Event: 3.575 loading class week2/QuestionA$1Person done
Event: 4.144 Executing VM operation: EnableBiasedLocking
Event: 4.144 Executing VM operation: EnableBiasedLocking done
Event: 795.014 Executing VM operation: RedefineClasses
Event: 795.015 Executing VM operation: RedefineClasses done
Event: 804.069 Executing VM operation: RedefineClasses
Event: 804.069 Executing VM operation: RedefineClasses done


Dynamic libraries:
0x00007ff751690000 - 0x00007ff7516c7000 	C:\Program Files\Java\jre1.8.0_91\bin\javaw.exe
0x00007ffb69340000 - 0x00007ffb69511000 	C:\WINDOWS\SYSTEM32\ntdll.dll
0x00007ffb67690000 - 0x00007ffb6773b000 	C:\WINDOWS\System32\KERNEL32.DLL
0x00007ffb65b30000 - 0x00007ffb65d4d000 	C:\WINDOWS\System32\KERNELBASE.dll
0x00007ffb675e0000 - 0x00007ffb67682000 	C:\WINDOWS\System32\ADVAPI32.dll
0x00007ffb66d30000 - 0x00007ffb66dce000 	C:\WINDOWS\System32\msvcrt.dll
0x00007ffb692b0000 - 0x00007ffb69309000 	C:\WINDOWS\System32\sechost.dll
0x00007ffb66bf0000 - 0x00007ffb66d11000 	C:\WINDOWS\System32\RPCRT4.dll
0x00007ffb67bd0000 - 0x00007ffb67d35000 	C:\WINDOWS\System32\USER32.dll
0x00007ffb65830000 - 0x00007ffb6584e000 	C:\WINDOWS\System32\win32u.dll
0x00007ffb66e70000 - 0x00007ffb66ea4000 	C:\WINDOWS\System32\GDI32.dll
0x00007ffb659a0000 - 0x00007ffb65b22000 	C:\WINDOWS\System32\gdi32full.dll
0x00007ffb5ac00000 - 0x00007ffb5ae79000 	C:\WINDOWS\WinSxS\amd64_microsoft.windows.common-controls_6595b64144ccf1df_6.0.14393.0_none_2d0f50fcbdb171b8\COMCTL32.dll
0x00007ffb67150000 - 0x00007ffb67417000 	C:\WINDOWS\System32\combase.dll
0x00007ffb65fe0000 - 0x00007ffb660d5000 	C:\WINDOWS\System32\ucrtbase.dll
0x00007ffb65da0000 - 0x00007ffb65e0a000 	C:\WINDOWS\System32\bcryptPrimitives.dll
0x00007ffb69310000 - 0x00007ffb6933e000 	C:\WINDOWS\System32\IMM32.DLL
0x0000000050e30000 - 0x0000000050f02000 	C:\Program Files\Java\jre1.8.0_91\bin\msvcr100.dll
0x00000000502b0000 - 0x0000000050b43000 	C:\Program Files\Java\jre1.8.0_91\bin\server\jvm.dll
0x00007ffb67140000 - 0x00007ffb67148000 	C:\WINDOWS\System32\PSAPI.DLL
0x00007ffb4cbf0000 - 0x00007ffb4cbf9000 	C:\WINDOWS\SYSTEM32\WSOCK32.dll
0x00007ffb63c60000 - 0x00007ffb63c83000 	C:\WINDOWS\SYSTEM32\WINMM.dll
0x00007ffb66eb0000 - 0x00007ffb66f1a000 	C:\WINDOWS\System32\WS2_32.dll
0x00007ffb5a7a0000 - 0x00007ffb5a7aa000 	C:\WINDOWS\SYSTEM32\VERSION.dll
0x00007ffb63c00000 - 0x00007ffb63c2b000 	C:\WINDOWS\SYSTEM32\WINMMBASE.dll
0x00007ffb65d50000 - 0x00007ffb65d92000 	C:\WINDOWS\System32\cfgmgr32.dll
0x00000000501c0000 - 0x00000000501cf000 	C:\Program Files\Java\jre1.8.0_91\bin\verify.dll
0x0000000050190000 - 0x00000000501b9000 	C:\Program Files\Java\jre1.8.0_91\bin\java.dll
0x0000000050df0000 - 0x0000000050e25000 	C:\Program Files\Java\jre1.8.0_91\bin\jdwp.dll
0x0000000050de0000 - 0x0000000050de8000 	C:\Program Files\Java\jre1.8.0_91\bin\npt.dll
0x0000000050170000 - 0x0000000050186000 	C:\Program Files\Java\jre1.8.0_91\bin\zip.dll
0x00007ffb67da0000 - 0x00007ffb692a8000 	C:\WINDOWS\System32\SHELL32.dll
0x00007ffb66190000 - 0x00007ffb6686a000 	C:\WINDOWS\System32\windows.storage.dll
0x00007ffb657d0000 - 0x00007ffb6581c000 	C:\WINDOWS\System32\powrprof.dll
0x00007ffb67740000 - 0x00007ffb67792000 	C:\WINDOWS\System32\shlwapi.dll
0x00007ffb657c0000 - 0x00007ffb657cf000 	C:\WINDOWS\System32\kernel.appcore.dll
0x00007ffb65850000 - 0x00007ffb658f9000 	C:\WINDOWS\System32\shcore.dll
0x00007ffb657a0000 - 0x00007ffb657b4000 	C:\WINDOWS\System32\profapi.dll
0x0000000050dd0000 - 0x0000000050dd9000 	C:\Program Files\Java\jre1.8.0_91\bin\dt_socket.dll
0x00007ffb5c930000 - 0x00007ffb5c946000 	C:\WINDOWS\system32\napinsp.dll
0x00007ffb5c950000 - 0x00007ffb5c96a000 	C:\WINDOWS\system32\pnrpnsp.dll
0x00007ffb62d50000 - 0x00007ffb62d68000 	C:\WINDOWS\system32\NLAapi.dll
0x00007ffb64ef0000 - 0x00007ffb64f4c000 	C:\WINDOWS\System32\mswsock.dll
0x00007ffb64cd0000 - 0x00007ffb64d70000 	C:\WINDOWS\SYSTEM32\DNSAPI.dll
0x00007ffb66d20000 - 0x00007ffb66d28000 	C:\WINDOWS\System32\NSI.dll
0x00007ffb64c80000 - 0x00007ffb64cb8000 	C:\WINDOWS\SYSTEM32\IPHLPAPI.DLL
0x00007ffb5e280000 - 0x00007ffb5e28e000 	C:\WINDOWS\System32\winrnr.dll
0x00007ffb5e290000 - 0x00007ffb5e2a5000 	C:\WINDOWS\System32\wshbth.dll
0x00007ffb5d610000 - 0x00007ffb5d67a000 	C:\WINDOWS\System32\fwpuclnt.dll
0x00007ffb656e0000 - 0x00007ffb6570b000 	C:\WINDOWS\SYSTEM32\bcrypt.dll
0x00007ffb5a320000 - 0x00007ffb5a32a000 	C:\Windows\System32\rasadhlp.dll
0x00007ffb56e90000 - 0x00007ffb57022000 	C:\WINDOWS\SYSTEM32\dbghelp.dll

VM Arguments:
jvm_args: -agentlib:jdwp=transport=dt_socket,suspend=y,address=localhost:55195 -Dfile.encoding=Cp1252 
java_command: week2.QuestionA
java_class_path (initial): C:\Users\rayor\workspace\Programming\bin
Launcher Type: SUN_STANDARD

Environment Variables:
JAVA_HOME=C:\Program Files (x86)\Java\jdk1.8.0_91\
PATH=C:/Program Files/Java/jre1.8.0_91/bin/server;C:/Program Files/Java/jre1.8.0_91/bin;C:/Program Files/Java/jre1.8.0_91/lib/amd64;C:\ProgramData\Oracle\Java\javapath;C:\WINDOWS\system32;C:\WINDOWS;C:\WINDOWS\System32\Wbem;C:\WINDOWS\System32\WindowsPowerShell\v1.0\;C:\Program Files (x86)\GtkSharp\2.12\bin;C:\WINDOWS\system32\config\systemprofile\.dnx\bin;C:\Program Files\Microsoft DNX\Dnvm\;C:\Program Files\Microsoft SQL Server\130\Tools\Binn\;C:\Program Files (x86)\Windows Kits\8.1\Windows Performance Toolkit\;%OPENCV_DIR%\bin;C:\Program Files (x86)\Skype\Phone\;C:\Program Files\Git\cmd;C:\Program Files (x86)\Java\jdk1.8.0_91\bin;C:\Program Files\MongoDB\Server\3.2\bin;F:\Educ\Sem1\AugReality\Exercice\opencv\build\x64\vc12\lib;F:\DLR\apache-maven-3.3.9\bin;C:\Ruby23\bin;C:\Program Files (x86)\Java\jre1.8.0_91;C:\Users\rayor\AppData\Local\atom\bin;F:\DLR\apache-maven-3.3.9\bin;C:\Users\rayor\AppData\Local\Microsoft\WindowsApps;;C:\WINDOWS\system32;
USERNAME=rayo
OS=Windows_NT
PROCESSOR_IDENTIFIER=Intel64 Family 6 Model 61 Stepping 4, GenuineIntel



---------------  S Y S T E M  ---------------

OS: Windows 10.0 , 64 bit Build 14393 (10.0.14393.0)

CPU:total 4 (2 cores per cpu, 2 threads per core) family 6 model 61 stepping 4, cmov, cx8, fxsr, mmx, sse, sse2, sse3, ssse3, sse4.1, sse4.2, popcnt, avx, avx2, clmul, erms, 3dnowpref, lzcnt, ht, tsc, tscinvbit, bmi1, bmi2, adx

Memory: 4k page, physical 8116408k(3295564k free), swap 11393208k(2965500k free)

vm_info: Java HotSpot(TM) 64-Bit Server VM (25.91-b15) for windows-amd64 JRE (1.8.0_91-b15), built on May 20 2016 17:43:15 by "java_re" with MS VC++ 10.0 (VS2010)

time: Wed Oct 26 18:26:30 2016
elapsed time: 804 seconds (0d 0h 13m 24s)

