#
# A fatal error has been detected by the Java Runtime Environment:
#
#  EXCEPTION_ACCESS_VIOLATION (0xc0000005) at pc=0x00000000503d8f45, pid=8516, tid=8732
#
# JRE version: Java(TM) SE Runtime Environment (8.0_91-b15) (build 1.8.0_91-b15)
# Java VM: Java HotSpot(TM) 64-Bit Server VM (25.91-b15 mixed mode windows-amd64 compressed oops)
# Problematic frame:
# V  [jvm.dll+0x128f45]
#
# Failed to write core dump. Minidumps are not enabled by default on client versions of Windows
#
# If you would like to submit a bug report, please visit:
#   http://bugreport.java.com/bugreport/crash.jsp
#

---------------  T H R E A D  ---------------

Current thread (0x0000000016e81800):  JavaThread "JDWP Transport Listener: dt_socket" daemon [_thread_in_vm, id=8732, stack(0x0000000018800000,0x0000000018900000)]

siginfo: ExceptionCode=0xc0000005, reading address 0xffffffffffffffff

Registers:
RAX=0x00000000188ff401, RBX=0x0000000016e81800, RCX=0x003b70003b003b6d, RDX=0x0000000000000000
RSP=0x00000000188ff4a0, RBP=0x003b70003b003b6d, RSI=0x00000000188ff5b8, RDI=0x0000000000a78910
R8 =0x0000000016e81800, R9 =0x0000000000000000, R10=0x0000000000000000, R11=0x0000000000000064
R12=0x0000000000000000, R13=0x0000000016e820a8, R14=0x0000000000000000, R15=0x0000000000000000
RIP=0x00000000503d8f45, EFLAGS=0x0000000000010202

Top of Stack: (sp=0x00000000188ff4a0)
0x00000000188ff4a0:   0000000016e81800 0000000016e81800
0x00000000188ff4b0:   00000000188ff568 00000000505df32b
0x00000000188ff4c0:   0000000016e81800 00000000505fbb8d
0x00000000188ff4d0:   0000000000000000 0000000050e09155
0x00000000188ff4e0:   0000000016e984b8 0000000050e1291e
0x00000000188ff4f0:   0000000016e81800 0000000000000000
0x00000000188ff500:   0000000000000000 0000000000000000
0x00000000188ff510:   003b70003b003b6d 0000000050e11a15
0x00000000188ff520:   00000000188ff5b8 00000000188ff590
0x00000000188ff530:   0000000000000001 0000000016e984b8
0x00000000188ff540:   003b70003b003b6d 0000000050df53b3
0x00000000188ff550:   00000000188ff680 0000000000000001
0x00000000188ff560:   0000000000000001 0000000016e984b8
0x00000000188ff570:   0000000000000009 0000000000000000
0x00000000188ff580:   0000000000000000 0000000000000000
0x00000000188ff590:   0000000000000001 0000000050df5571 

Instructions: (pc=0x00000000503d8f45)
0x00000000503d8f25:   cc cc cc cc cc cc cc cc cc cc cc 48 83 ec 28 48
0x00000000503d8f35:   85 c9 75 07 33 c0 48 83 c4 28 c3 48 89 5c 24 20
0x00000000503d8f45:   48 8b 19 48 85 db 74 20 48 83 fb 37 74 1a 48 8b
0x00000000503d8f55:   13 48 8b cb ff 52 10 84 c0 74 0d 48 8b c3 48 8b 


Register to memory mapping:

RAX=0x00000000188ff401 is pointing into the stack for thread: 0x0000000016e81800
RBX=0x0000000016e81800 is a thread
RCX=0x003b70003b003b6d is an unknown value
RDX=0x0000000000000000 is an unknown value
RSP=0x00000000188ff4a0 is pointing into the stack for thread: 0x0000000016e81800
RBP=0x003b70003b003b6d is an unknown value
RSI=0x00000000188ff5b8 is pointing into the stack for thread: 0x0000000016e81800
RDI=0x0000000000a78910 is an unknown value
R8 =0x0000000016e81800 is a thread
R9 =0x0000000000000000 is an unknown value
R10=0x0000000000000000 is an unknown value
R11=0x0000000000000064 is an unknown value
R12=0x0000000000000000 is an unknown value
R13=0x0000000016e820a8 is an unknown value
R14=0x0000000000000000 is an unknown value
R15=0x0000000000000000 is an unknown value


Stack: [0x0000000018800000,0x0000000018900000],  sp=0x00000000188ff4a0,  free space=1021k
Native frames: (J=compiled Java code, j=interpreted, Vv=VM code, C=native code)
V  [jvm.dll+0x128f45]
V  [jvm.dll+0x34bb8d]
C  [jdwp.dll+0x21a15]
C  [jdwp.dll+0x53b3]
C  [jdwp.dll+0x5571]
C  [jdwp.dll+0xf0a8]
C  [jdwp.dll+0x1f2d5]
C  [jdwp.dll+0x1f4aa]
V  [jvm.dll+0x1bbf38]
V  [jvm.dll+0x243ae4]
V  [jvm.dll+0x29a99a]
C  [msvcr100.dll+0x21d9f]
C  [msvcr100.dll+0x21e3b]
C  [KERNEL32.DLL+0x8364]
C  [ntdll.dll+0x65e91]


---------------  P R O C E S S  ---------------

Java Threads: ( => current thread )
  0x0000000018d58000 JavaThread "Service Thread" daemon [_thread_blocked, id=7700, stack(0x0000000019200000,0x0000000019300000)]
  0x0000000016ece000 JavaThread "C1 CompilerThread2" daemon [_thread_blocked, id=7220, stack(0x0000000019100000,0x0000000019200000)]
  0x0000000016ebd800 JavaThread "C2 CompilerThread1" daemon [_thread_blocked, id=8664, stack(0x0000000018c00000,0x0000000018d00000)]
  0x0000000016e99000 JavaThread "C2 CompilerThread0" daemon [_thread_blocked, id=8624, stack(0x0000000018b00000,0x0000000018c00000)]
  0x0000000016e88000 JavaThread "JDWP Command Reader" daemon [_thread_in_native, id=8632, stack(0x0000000018a00000,0x0000000018b00000)]
  0x0000000016e86800 JavaThread "JDWP Event Helper Thread" daemon [_thread_blocked, id=8508, stack(0x0000000018900000,0x0000000018a00000)]
=>0x0000000016e81800 JavaThread "JDWP Transport Listener: dt_socket" daemon [_thread_in_vm, id=8732, stack(0x0000000018800000,0x0000000018900000)]
  0x0000000016e6d000 JavaThread "Attach Listener" daemon [_thread_blocked, id=8544, stack(0x00000000183c0000,0x00000000184c0000)]
  0x0000000016e6b800 JavaThread "Signal Dispatcher" daemon [_thread_blocked, id=8556, stack(0x00000000182c0000,0x00000000183c0000)]
  0x0000000016e5a800 JavaThread "Finalizer" daemon [_thread_blocked, id=8552, stack(0x00000000180d0000,0x00000000181d0000)]
  0x00000000024b0800 JavaThread "Reference Handler" daemon [_thread_blocked, id=8548, stack(0x0000000017fd0000,0x00000000180d0000)]
  0x0000000000a7e000 JavaThread "main" [_thread_in_native, id=8612, stack(0x00000000022b0000,0x00000000023b0000)]

Other Threads:
  0x0000000016e37800 VMThread [stack: 0x0000000017ed0000,0x0000000017fd0000] [id=8652]
  0x0000000018d5d000 WatcherThread [stack: 0x0000000019300000,0x0000000019400000] [id=5708]

VM state:not at safepoint (normal execution)

VM Mutex/Monitor currently owned by a thread: None

Heap:
 PSYoungGen      total 36864K, used 1904K [0x00000000d6b80000, 0x00000000d9480000, 0x0000000100000000)
  eden space 31744K, 6% used [0x00000000d6b80000,0x00000000d6d5c2c0,0x00000000d8a80000)
  from space 5120K, 0% used [0x00000000d8f80000,0x00000000d8f80000,0x00000000d9480000)
  to   space 5120K, 0% used [0x00000000d8a80000,0x00000000d8a80000,0x00000000d8f80000)
 ParOldGen       total 84992K, used 0K [0x0000000084200000, 0x0000000089500000, 0x00000000d6b80000)
  object space 84992K, 0% used [0x0000000084200000,0x0000000084200000,0x0000000089500000)
 Metaspace       used 2589K, capacity 4562K, committed 4864K, reserved 1056768K
  class space    used 286K, capacity 386K, committed 512K, reserved 1048576K

Card table byte_map: [0x0000000011880000,0x0000000011c60000] byte_map_base: 0x000000001145f000

Marking Bits: (ParMarkBitMap*) 0x0000000050ac2f70
 Begin Bits: [0x0000000012300000, 0x00000000141f8000)
 End Bits:   [0x00000000141f8000, 0x00000000160f0000)

Polling page: 0x0000000000ac0000

CodeCache: size=245760Kb used=1100Kb max_used=1108Kb free=244659Kb
 bounds [0x00000000024c0000, 0x0000000002730000, 0x00000000114c0000]
 total_blobs=249 nmethods=26 adapters=145
 compilation: enabled

Compilation events (10 events):
Event: 0.226 Thread 0x0000000016ece000   22  s    3       java.lang.StringBuffer::append (13 bytes)
Event: 0.226 Thread 0x0000000016ece000 nmethod 22 0x00000000025d0c90 code [0x00000000025d0e20, 0x00000000025d1328]
Event: 0.226 Thread 0x0000000016ece000   23       3       java.lang.String::indexOf (7 bytes)
Event: 0.226 Thread 0x0000000016ebd800   25       4       java.lang.String::charAt (29 bytes)
Event: 0.226 Thread 0x0000000016ece000 nmethod 23 0x00000000025d1590 code [0x00000000025d1700, 0x00000000025d1928]
Event: 0.226 Thread 0x0000000016ece000   24       3       java.lang.AbstractStringBuilder::append (50 bytes)
Event: 0.227 Thread 0x0000000016ece000 nmethod 24 0x00000000025d19d0 code [0x00000000025d1b60, 0x00000000025d2068]
Event: 0.227 Thread 0x0000000016ebd800 nmethod 25 0x00000000025d4f50 code [0x00000000025d50a0, 0x00000000025d5198]
Event: 0.233 Thread 0x0000000016ece000   26       3       java.lang.System::getSecurityManager (4 bytes)
Event: 0.234 Thread 0x0000000016ece000 nmethod 26 0x00000000025d4450 code [0x00000000025d45a0, 0x00000000025d46d0]

GC Heap History (0 events):
No events

Deoptimization events (0 events):
No events

Internal exceptions (2 events):
Event: 0.045 Thread 0x0000000000a7e000 Exception <a 'java/lang/NoSuchMethodError': Method sun.misc.Unsafe.defineClass(Ljava/lang/String;[BII)Ljava/lang/Class; name or signature does not match> (0x00000000d6b87cc0) thrown at [C:\re\workspace\8-2-build-windows-amd64-cygwin\jdk8u91\7017\hotspot\sr\cµÉc@§?
Event: 0.045 Thread 0x0000000000a7e000 Exception <a 'java/lang/NoSuchMethodError': Method sun.misc.Unsafe.prefetchRead(Ljava/lang/Object;J)V name or signature does not match> (0x00000000d6b87fa8) thrown at [C:\re\workspace\8-2-build-windows-amd64-cygwin\jdk8u91\7017\hotspot\src\share\vm\prims\j

Events (10 events):
Event: 0.243 loading class java/io/IOException
Event: 0.243 loading class java/io/IOException done
Event: 0.244 loading class java/lang/Void
Event: 0.244 loading class java/lang/Void done
Event: 4.244 Executing VM operation: EnableBiasedLocking
Event: 4.244 Executing VM operation: EnableBiasedLocking done
Event: 846.604 Executing VM operation: RedefineClasses
Event: 846.605 Executing VM operation: RedefineClasses done
Event: 855.649 Executing VM operation: RedefineClasses
Event: 855.649 Executing VM operation: RedefineClasses done


Dynamic libraries:
0x00007ff751690000 - 0x00007ff7516c7000 	C:\Program Files\Java\jre1.8.0_91\bin\javaw.exe
0x00007ffb69340000 - 0x00007ffb69511000 	C:\WINDOWS\SYSTEM32\ntdll.dll
0x00007ffb67690000 - 0x00007ffb6773b000 	C:\WINDOWS\System32\KERNEL32.DLL
0x00007ffb65b30000 - 0x00007ffb65d4d000 	C:\WINDOWS\System32\KERNELBASE.dll
0x00007ffb675e0000 - 0x00007ffb67682000 	C:\WINDOWS\System32\ADVAPI32.dll
0x00007ffb66d30000 - 0x00007ffb66dce000 	C:\WINDOWS\System32\msvcrt.dll
0x00007ffb692b0000 - 0x00007ffb69309000 	C:\WINDOWS\System32\sechost.dll
0x00007ffb66bf0000 - 0x00007ffb66d11000 	C:\WINDOWS\System32\RPCRT4.dll
0x00007ffb67bd0000 - 0x00007ffb67d35000 	C:\WINDOWS\System32\USER32.dll
0x00007ffb65830000 - 0x00007ffb6584e000 	C:\WINDOWS\System32\win32u.dll
0x00007ffb66e70000 - 0x00007ffb66ea4000 	C:\WINDOWS\System32\GDI32.dll
0x00007ffb659a0000 - 0x00007ffb65b22000 	C:\WINDOWS\System32\gdi32full.dll
0x00007ffb5ac00000 - 0x00007ffb5ae79000 	C:\WINDOWS\WinSxS\amd64_microsoft.windows.common-controls_6595b64144ccf1df_6.0.14393.0_none_2d0f50fcbdb171b8\COMCTL32.dll
0x00007ffb67150000 - 0x00007ffb67417000 	C:\WINDOWS\System32\combase.dll
0x00007ffb65fe0000 - 0x00007ffb660d5000 	C:\WINDOWS\System32\ucrtbase.dll
0x00007ffb65da0000 - 0x00007ffb65e0a000 	C:\WINDOWS\System32\bcryptPrimitives.dll
0x00007ffb69310000 - 0x00007ffb6933e000 	C:\WINDOWS\System32\IMM32.DLL
0x0000000050e30000 - 0x0000000050f02000 	C:\Program Files\Java\jre1.8.0_91\bin\msvcr100.dll
0x00000000502b0000 - 0x0000000050b43000 	C:\Program Files\Java\jre1.8.0_91\bin\server\jvm.dll
0x00007ffb67140000 - 0x00007ffb67148000 	C:\WINDOWS\System32\PSAPI.DLL
0x00007ffb4cbf0000 - 0x00007ffb4cbf9000 	C:\WINDOWS\SYSTEM32\WSOCK32.dll
0x00007ffb66eb0000 - 0x00007ffb66f1a000 	C:\WINDOWS\System32\WS2_32.dll
0x00007ffb63c60000 - 0x00007ffb63c83000 	C:\WINDOWS\SYSTEM32\WINMM.dll
0x00007ffb5a7a0000 - 0x00007ffb5a7aa000 	C:\WINDOWS\SYSTEM32\VERSION.dll
0x00007ffb63c00000 - 0x00007ffb63c2b000 	C:\WINDOWS\SYSTEM32\WINMMBASE.dll
0x00007ffb65d50000 - 0x00007ffb65d92000 	C:\WINDOWS\System32\cfgmgr32.dll
0x00000000501c0000 - 0x00000000501cf000 	C:\Program Files\Java\jre1.8.0_91\bin\verify.dll
0x0000000050190000 - 0x00000000501b9000 	C:\Program Files\Java\jre1.8.0_91\bin\java.dll
0x0000000050df0000 - 0x0000000050e25000 	C:\Program Files\Java\jre1.8.0_91\bin\jdwp.dll
0x0000000050de0000 - 0x0000000050de8000 	C:\Program Files\Java\jre1.8.0_91\bin\npt.dll
0x0000000050170000 - 0x0000000050186000 	C:\Program Files\Java\jre1.8.0_91\bin\zip.dll
0x00007ffb67da0000 - 0x00007ffb692a8000 	C:\WINDOWS\System32\SHELL32.dll
0x00007ffb66190000 - 0x00007ffb6686a000 	C:\WINDOWS\System32\windows.storage.dll
0x00007ffb657d0000 - 0x00007ffb6581c000 	C:\WINDOWS\System32\powrprof.dll
0x00007ffb67740000 - 0x00007ffb67792000 	C:\WINDOWS\System32\shlwapi.dll
0x00007ffb657c0000 - 0x00007ffb657cf000 	C:\WINDOWS\System32\kernel.appcore.dll
0x00007ffb65850000 - 0x00007ffb658f9000 	C:\WINDOWS\System32\shcore.dll
0x00007ffb657a0000 - 0x00007ffb657b4000 	C:\WINDOWS\System32\profapi.dll
0x0000000050dd0000 - 0x0000000050dd9000 	C:\Program Files\Java\jre1.8.0_91\bin\dt_socket.dll
0x00007ffb5c930000 - 0x00007ffb5c946000 	C:\WINDOWS\system32\napinsp.dll
0x00007ffb5c950000 - 0x00007ffb5c96a000 	C:\WINDOWS\system32\pnrpnsp.dll
0x00007ffb62d50000 - 0x00007ffb62d68000 	C:\WINDOWS\system32\NLAapi.dll
0x00007ffb64ef0000 - 0x00007ffb64f4c000 	C:\WINDOWS\System32\mswsock.dll
0x00007ffb64cd0000 - 0x00007ffb64d70000 	C:\WINDOWS\SYSTEM32\DNSAPI.dll
0x00007ffb66d20000 - 0x00007ffb66d28000 	C:\WINDOWS\System32\NSI.dll
0x00007ffb64c80000 - 0x00007ffb64cb8000 	C:\WINDOWS\SYSTEM32\IPHLPAPI.DLL
0x00007ffb5e280000 - 0x00007ffb5e28e000 	C:\WINDOWS\System32\winrnr.dll
0x00007ffb5e290000 - 0x00007ffb5e2a5000 	C:\WINDOWS\System32\wshbth.dll
0x00007ffb5d610000 - 0x00007ffb5d67a000 	C:\WINDOWS\System32\fwpuclnt.dll
0x00007ffb656e0000 - 0x00007ffb6570b000 	C:\WINDOWS\SYSTEM32\bcrypt.dll
0x00007ffb5a320000 - 0x00007ffb5a32a000 	C:\Windows\System32\rasadhlp.dll
0x00007ffb56e90000 - 0x00007ffb57022000 	C:\WINDOWS\SYSTEM32\dbghelp.dll

VM Arguments:
jvm_args: -agentlib:jdwp=transport=dt_socket,suspend=y,address=localhost:55185 -Dfile.encoding=Cp1252 
java_command: week2.QuestionA
java_class_path (initial): C:\Users\rayor\workspace\Programming\bin
Launcher Type: SUN_STANDARD

Environment Variables:
JAVA_HOME=C:\Program Files (x86)\Java\jdk1.8.0_91\
PATH=C:/Program Files/Java/jre1.8.0_91/bin/server;C:/Program Files/Java/jre1.8.0_91/bin;C:/Program Files/Java/jre1.8.0_91/lib/amd64;C:\ProgramData\Oracle\Java\javapath;C:\WINDOWS\system32;C:\WINDOWS;C:\WINDOWS\System32\Wbem;C:\WINDOWS\System32\WindowsPowerShell\v1.0\;C:\Program Files (x86)\GtkSharp\2.12\bin;C:\WINDOWS\system32\config\systemprofile\.dnx\bin;C:\Program Files\Microsoft DNX\Dnvm\;C:\Program Files\Microsoft SQL Server\130\Tools\Binn\;C:\Program Files (x86)\Windows Kits\8.1\Windows Performance Toolkit\;%OPENCV_DIR%\bin;C:\Program Files (x86)\Skype\Phone\;C:\Program Files\Git\cmd;C:\Program Files (x86)\Java\jdk1.8.0_91\bin;C:\Program Files\MongoDB\Server\3.2\bin;F:\Educ\Sem1\AugReality\Exercice\opencv\build\x64\vc12\lib;F:\DLR\apache-maven-3.3.9\bin;C:\Ruby23\bin;C:\Program Files (x86)\Java\jre1.8.0_91;C:\Users\rayor\AppData\Local\atom\bin;F:\DLR\apache-maven-3.3.9\bin;C:\Users\rayor\AppData\Local\Microsoft\WindowsApps;;C:\WINDOWS\system32;
USERNAME=rayo
OS=Windows_NT
PROCESSOR_IDENTIFIER=Intel64 Family 6 Model 61 Stepping 4, GenuineIntel



---------------  S Y S T E M  ---------------

OS: Windows 10.0 , 64 bit Build 14393 (10.0.14393.0)

CPU:total 4 (2 cores per cpu, 2 threads per core) family 6 model 61 stepping 4, cmov, cx8, fxsr, mmx, sse, sse2, sse3, ssse3, sse4.1, sse4.2, popcnt, avx, avx2, clmul, erms, 3dnowpref, lzcnt, ht, tsc, tscinvbit, bmi1, bmi2, adx

Memory: 4k page, physical 8116408k(3283476k free), swap 11393208k(2739012k free)

vm_info: Java HotSpot(TM) 64-Bit Server VM (25.91-b15) for windows-amd64 JRE (1.8.0_91-b15), built on May 20 2016 17:43:15 by "java_re" with MS VC++ 10.0 (VS2010)

time: Wed Oct 26 18:26:30 2016
elapsed time: 855 seconds (0d 0h 14m 15s)

